# JRE version: OpenJDK Runtime Environment (11.0.12+7) (build 11.0.12+7-b1504.28-7817840)
# Java VM: OpenJDK 64-Bit Server VM (11.0.12+7-b1504.28-7817840, mixed mode, tiered, compressed oops, g1 gc, windows-amd64)
Heap:
 garbage-first heap   total 218112K, used 180939K [0x00000000a0000000, 0x0000000100000000)
  region size 1024K, 8 young (8192K), 2 survivors (2048K)
 Metaspace       used 102717K, capacity 106971K, committed 107224K, reserved 1140736K
  class space    used 13680K, capacity 15085K, committed 15104K, reserved 1048576K
GC Heap History (20 events):
Event: 60.141 GC heap before
{Heap before GC invocations=65 (full 0):
 garbage-first heap   total 218112K, used 173292K [0x00000000a0000000, 0x0000000100000000)
  region size 1024K, 31 young (31744K), 4 survivors (4096K)
 Metaspace       used 98996K, capacity 102864K, committed 103000K, reserved 1138688K
  class space    used 13138K, capacity 14403K, committed 14464K, reserved 1048576K
}
Event: 60.164 GC heap after
{Heap after GC invocations=66 (full 0):
 garbage-first heap   total 218112K, used 150381K [0x00000000a0000000, 0x0000000100000000)
  region size 1024K, 4 young (4096K), 4 survivors (4096K)
 Metaspace       used 98996K, capacity 102864K, committed 103000K, reserved 1138688K
  class space    used 13138K, capacity 14403K, committed 14464K, reserved 1048576K
}
Event: 61.897 GC heap before
{Heap before GC invocations=67 (full 0):
 garbage-first heap   total 218112K, used 175981K [0x00000000a0000000, 0x0000000100000000)
  region size 1024K, 30 young (30720K), 4 survivors (4096K)
 Metaspace       used 99445K, capacity 103432K, committed 103640K, reserved 1138688K
  class space    used 13183K, capacity 14477K, committed 14592K, reserved 1048576K
}
Event: 61.925 GC heap after
{Heap after GC invocations=68 (full 0):
 garbage-first heap   total 218112K, used 157696K [0x00000000a0000000, 0x0000000100000000)
  region size 1024K, 4 young (4096K), 4 survivors (4096K)
 Metaspace       used 99445K, capacity 103432K, committed 103640K, reserved 1138688K
  class space    used 13183K, capacity 14477K, committed 14592K, reserved 1048576K
}
Event: 63.012 GC heap before
{Heap before GC invocations=68 (full 0):
 garbage-first heap   total 218112K, used 180224K [0x00000000a0000000, 0x0000000100000000)
  region size 1024K, 26 young (26624K), 4 survivors (4096K)
 Metaspace       used 99813K, capacity 103761K, committed 103896K, reserved 1138688K
  class space    used 13225K, capacity 14515K, committed 14592K, reserved 1048576K
}
Event: 63.032 GC heap after
{Heap after GC invocations=69 (full 0):
 garbage-first heap   total 218112K, used 163840K [0x00000000a0000000, 0x0000000100000000)
  region size 1024K, 4 young (4096K), 4 survivors (4096K)
 Metaspace       used 99813K, capacity 103761K, committed 103896K, reserved 1138688K
  class space    used 13225K, capacity 14515K, committed 14592K, reserved 1048576K
}
Event: 64.041 GC heap before
{Heap before GC invocations=70 (full 0):
 garbage-first heap   total 218112K, used 181248K [0x00000000a0000000, 0x0000000100000000)
  region size 1024K, 22 young (22528K), 4 survivors (4096K)
 Metaspace       used 100335K, capacity 104335K, committed 104536K, reserved 1138688K
  class space    used 13289K, capacity 14595K, committed 14720K, reserved 1048576K
}
Event: 64.056 GC heap after
{Heap after GC invocations=71 (full 0):
 garbage-first heap   total 218112K, used 167284K [0x00000000a0000000, 0x0000000100000000)
  region size 1024K, 3 young (3072K), 3 survivors (3072K)
 Metaspace       used 100335K, capacity 104335K, committed 104536K, reserved 1138688K
  class space    used 13289K, capacity 14595K, committed 14720K, reserved 1048576K
}
Event: 64.654 GC heap before
{Heap before GC invocations=71 (full 0):
 garbage-first heap   total 218112K, used 183668K [0x00000000a0000000, 0x0000000100000000)
  region size 1024K, 20 young (20480K), 3 survivors (3072K)
 Metaspace       used 100603K, capacity 104605K, committed 104792K, reserved 1138688K
  class space    used 13320K, capacity 14599K, committed 14720K, reserved 1048576K
}
Event: 64.669 GC heap after
{Heap after GC invocations=72 (full 0):
 garbage-first heap   total 218112K, used 169225K [0x00000000a0000000, 0x0000000100000000)
  region size 1024K, 2 young (2048K), 2 survivors (2048K)
 Metaspace       used 100603K, capacity 104605K, committed 104792K, reserved 1138688K
  class space    used 13320K, capacity 14599K, committed 14720K, reserved 1048576K
}
Event: 65.859 GC heap before
{Heap before GC invocations=73 (full 0):
 garbage-first heap   total 218112K, used 185609K [0x00000000a0000000, 0x0000000100000000)
  region size 1024K, 18 young (18432K), 2 survivors (2048K)
 Metaspace       used 101304K, capacity 105355K, committed 105688K, reserved 1140736K
  class space    used 13419K, capacity 14760K, committed 14848K, reserved 1048576K
}
Event: 65.874 GC heap after
{Heap after GC invocations=74 (full 0):
 garbage-first heap   total 218112K, used 171943K [0x00000000a0000000, 0x0000000100000000)
  region size 1024K, 3 young (3072K), 3 survivors (3072K)
 Metaspace       used 101304K, capacity 105355K, committed 105688K, reserved 1140736K
  class space    used 13419K, capacity 14760K, committed 14848K, reserved 1048576K
}
Event: 66.330 GC heap before
{Heap before GC invocations=74 (full 0):
 garbage-first heap   total 218112K, used 185255K [0x00000000a0000000, 0x0000000100000000)
  region size 1024K, 17 young (17408K), 3 survivors (3072K)
 Metaspace       used 102108K, capacity 106224K, committed 106328K, reserved 1140736K
  class space    used 13582K, capacity 14964K, committed 14976K, reserved 1048576K
}
Event: 66.341 GC heap after
{Heap after GC invocations=75 (full 0):
 garbage-first heap   total 218112K, used 174741K [0x00000000a0000000, 0x0000000100000000)
  region size 1024K, 3 young (3072K), 3 survivors (3072K)
 Metaspace       used 102108K, capacity 106224K, committed 106328K, reserved 1140736K
  class space    used 13582K, capacity 14964K, committed 14976K, reserved 1048576K
}
Event: 67.153 GC heap before
{Heap before GC invocations=75 (full 0):
 garbage-first heap   total 218112K, used 187029K [0x00000000a0000000, 0x0000000100000000)
  region size 1024K, 16 young (16384K), 3 survivors (3072K)
 Metaspace       used 102167K, capacity 106253K, committed 106328K, reserved 1140736K
  class space    used 13590K, capacity 14972K, committed 14976K, reserved 1048576K
}
Event: 67.160 GC heap after
{Heap after GC invocations=76 (full 0):
 garbage-first heap   total 218112K, used 175175K [0x00000000a0000000, 0x0000000100000000)
  region size 1024K, 2 young (2048K), 2 survivors (2048K)
 Metaspace       used 102167K, capacity 106253K, committed 106328K, reserved 1140736K
  class space    used 13590K, capacity 14972K, committed 14976K, reserved 1048576K
}
Event: 67.693 GC heap before
{Heap before GC invocations=77 (full 0):
 garbage-first heap   total 218112K, used 188487K [0x00000000a0000000, 0x0000000100000000)
  region size 1024K, 15 young (15360K), 2 survivors (2048K)
 Metaspace       used 102168K, capacity 106253K, committed 106328K, reserved 1140736K
  class space    used 13590K, capacity 14972K, committed 14976K, reserved 1048576K
}
Event: 67.699 GC heap after
{Heap after GC invocations=78 (full 0):
 garbage-first heap   total 218112K, used 175642K [0x00000000a0000000, 0x0000000100000000)
  region size 1024K, 1 young (1024K), 1 survivors (1024K)
 Metaspace       used 102168K, capacity 106253K, committed 106328K, reserved 1140736K
  class space    used 13590K, capacity 14972K, committed 14976K, reserved 1048576K
}
Event: 68.079 GC heap before
{Heap before GC invocations=78 (full 0):
 garbage-first heap   total 218112K, used 184858K [0x00000000a0000000, 0x0000000100000000)
  region size 1024K, 10 young (10240K), 1 survivors (1024K)
 Metaspace       used 102535K, capacity 106752K, committed 106968K, reserved 1140736K
  class space    used 13660K, capacity 15074K, committed 15104K, reserved 1048576K
}
Event: 68.086 GC heap after
{Heap after GC invocations=79 (full 0):
 garbage-first heap   total 218112K, used 175819K [0x00000000a0000000, 0x0000000100000000)
  region size 1024K, 2 young (2048K), 2 survivors (2048K)
 Metaspace       used 102535K, capacity 106752K, committed 106968K, reserved 1140736K
  class space    used 13660K, capacity 15074K, committed 15104K, reserved 1048576K
}

